⏳ Loading NMT Model...
✅ Model Loaded. Server listening on port 8080
📥 Received: "What a dreadful noise! it went quite through me!" exclaimed Abbot.
⏱️ CTranslate2 Engine compute time: 10845 ms
📤 Sending: "Che rumore terrific! è andato attraverso di me!" exclamato Abbot.
📥 Received: "Take me out! Let me go into the nursery!" was my cry.
⏱️ CTranslate2 Engine compute time: 9930 ms
📤 Sending: "Fammi uscire, me ne vado, e' il mio mio grido.
📥 Received: We now have 4-month-old mice that are non-diabetic that used to be diabetic, he added.
⏱️ CTranslate2 Engine compute time: 13461 ms
📤 Sending: Ora abbiamo 4 mesi di età di topi non diabetici, che sono statici di diabete, ha aggiunto.
📥 Received: "What for?
⏱️ CTranslate2 Engine compute time: 3119 ms
📤 Sending: "Perché?
📥 Received: Are you hurt?
⏱️ CTranslate2 Engine compute time: 3888 ms
📤 Sending: - - Sei ferito?
📥 Received: Have you seen something?" again demanded Bessie.
⏱️ CTranslate2 Engine compute time: 6435 ms
📤 Sending: Hai visto qualcosa?" ha chiesto di nuovo Bessie.
📥 Received: "Oh! I saw a light, and I thought a ghost would come."
⏱️ CTranslate2 Engine compute time: 9899 ms
📤 Sending: ita_Latn "Oh, ho visto una luce, e pensavo che venne un fantasto".
📥 Received: I had now got hold of Bessie's hand, and she did not snatch it from me.
⏱️ CTranslate2 Engine compute time: 10107 ms
📤 Sending: Mi sono presa la mano di Bessie e lei non mi ha rubato la mano.
📥 Received: "She has screamed out on purpose," declared Abbot, in some disgust. "And what a scream!
