⏳ Loading NMT Model...
✅ Model Loaded. Server listening on port 8080
📥 Received: If she had been in great pain one would have excused it, but she only wanted to bring us all here: I know her naughty tricks."
⏱️ CTranslate2 Engine compute time: 19685 ms
📤 Sending: Se lei fosse stata una grandezza di non avrebbe voluto, ma se ne volavo qui, ma lei se ne fosse, ma qui non solo lei voleva tutti.
📥 Received: We now have 4-month-old mice that are non-diabetic that used to be diabetic, he added.
⏱️ CTranslate2 Engine compute time: 49143 ms
📤 Sending: Ora ora, che non-o-dia-che che sono non-a-or di non-o-o-i- - - che sono addor che-ma- che non-o- di-a-t, non-dia-o- di-o- che-o-n-o-se- sono- che-si-di-a, che-o-che- che-che-o--a-a-a-o-s, che-di.
📥 Received: "What is all this?" demanded another voice peremptorily; and Mrs. Reed came along the corridor, her cap flying wide, her gown rustling stormily.
⏱️ CTranslate2 Engine compute time: 25193 ms
📤 Sending: "Che cosa, che è la sua voce?" e la sua, la sua, la sua, la sua, e' stata ancora, la sua, la' la suave, la sua voce, la sua volta?
📥 Received: "Abbot and Bessie, I believe I gave orders that Jane Eyre should be left in the red-room till I came to her myself."
⏱️ CTranslate2 Engine compute time: 23223 ms
📤 Sending: "E'a" - Ho fatto, ho fatto, ho 'e' - e' che l'abbe l'abc me 'a, e' che io ho dato l'ordine di fare.
📥 Received: "Miss Jane screamed so loud, ma'am," pleaded Bessie.
⏱️ CTranslate2 Engine compute time: 11481 ms
📤 Sending: "Seng_Latn "S's" - ha detto "Missie" ha detto.
📥 Received: "Let her go," was the only answer.
⏱️ CTranslate2 Engine compute time: 5805 ms
📤 Sending: Lasciciamo solo la risposta.
📥 Received: "Loose Bessie's hand, child: you cannot succeed in getting out by these means, be assured.
